<?xml version="1.0" encoding="UTF-8"?>
<!-- Generated by org.testng.reporters.JUnitXMLReporter -->
<testsuite hostname="pc-PC" ignored="2" name="firefoxtest" tests="3" failures="0" timestamp="24 Apr 2019 04:03:54 GMT" time="164.136" errors="0">
  <testcase name="@BeforeClass setUp" time="83.199" classname="com.bank.qa.baseTest.TestBase">
    <failure type="org.openqa.selenium.NoSuchSessionException" message="
Build info: version: &amp;apos;3.141.59&amp;apos;, revision: &amp;apos;e82be7d358&amp;apos;, time: &amp;apos;2018-11-14T08:17:03&amp;apos;
System info: host: &amp;apos;PC-PC&amp;apos;, ip: &amp;apos;192.168.2.14&amp;apos;, os.name: &amp;apos;Windows 7&amp;apos;, os.arch: &amp;apos;x86&amp;apos;, os.version: &amp;apos;6.1&amp;apos;, java.version: &amp;apos;1.8.0_181&amp;apos;
Driver info: driver.version: FirefoxDriver
remote stacktrace: WebDriverError@chrome://marionette/content/error.js:227:5
InvalidSessionIDError@chrome://marionette/content/error.js:382:5
assert.that/&amp;lt;@chrome://marionette/content/assert.js:383:13
assert.session@chrome://marionette/content/assert.js:49:3
execute/req&amp;lt;@chrome://marionette/content/server.js:536:9
TaskImpl_run@resource://gre/modules/Task.jsm:331:42
TaskImpl@resource://gre/modules/Task.jsm:280:3
asyncFunction@resource://gre/modules/Task.jsm:252:14
Task_spawn@resource://gre/modules/Task.jsm:166:12
execute@chrome://marionette/content/server.js:529:15
onPacket@chrome://marionette/content/server.js:500:7
_onJSONObjectReady/&amp;lt;@chrome://marionette/content/transport.js:501:9
">
      <![CDATA[org.openqa.selenium.NoSuchSessionException: 
Build info: version: '3.141.59', revision: 'e82be7d358', time: '2018-11-14T08:17:03'
System info: host: 'PC-PC', ip: '192.168.2.14', os.name: 'Windows 7', os.arch: 'x86', os.version: '6.1', java.version: '1.8.0_181'
Driver info: driver.version: FirefoxDriver
remote stacktrace: WebDriverError@chrome://marionette/content/error.js:227:5
InvalidSessionIDError@chrome://marionette/content/error.js:382:5
assert.that/<@chrome://marionette/content/assert.js:383:13
assert.session@chrome://marionette/content/assert.js:49:3
execute/req<@chrome://marionette/content/server.js:536:9
TaskImpl_run@resource://gre/modules/Task.jsm:331:42
TaskImpl@resource://gre/modules/Task.jsm:280:3
asyncFunction@resource://gre/modules/Task.jsm:252:14
Task_spawn@resource://gre/modules/Task.jsm:166:12
execute@chrome://marionette/content/server.js:529:15
onPacket@chrome://marionette/content/server.js:500:7
_onJSONObjectReady/<@chrome://marionette/content/transport.js:501:9

at org.openqa.selenium.remote.W3CHandshakeResponse.lambda$errorHandler$0(W3CHandshakeResponse.java:62)
at org.openqa.selenium.remote.HandshakeResponse.lambda$getResponseFunction$0(HandshakeResponse.java:30)
at org.openqa.selenium.remote.ProtocolHandshake.lambda$createSession$0(ProtocolHandshake.java:126)
at java.util.stream.ReferencePipeline$3$1.accept(Unknown Source)
at java.util.Spliterators$ArraySpliterator.tryAdvance(Unknown Source)
at java.util.stream.ReferencePipeline.forEachWithCancel(Unknown Source)
at java.util.stream.AbstractPipeline.copyIntoWithCancel(Unknown Source)
at java.util.stream.AbstractPipeline.copyInto(Unknown Source)
at java.util.stream.AbstractPipeline.wrapAndCopyInto(Unknown Source)
at java.util.stream.FindOps$FindOp.evaluateSequential(Unknown Source)
at java.util.stream.AbstractPipeline.evaluate(Unknown Source)
at java.util.stream.ReferencePipeline.findFirst(Unknown Source)
at org.openqa.selenium.remote.ProtocolHandshake.createSession(ProtocolHandshake.java:128)
at org.openqa.selenium.remote.ProtocolHandshake.createSession(ProtocolHandshake.java:74)
at org.openqa.selenium.remote.HttpCommandExecutor.execute(HttpCommandExecutor.java:136)
at org.openqa.selenium.remote.service.DriverCommandExecutor.execute(DriverCommandExecutor.java:83)
at org.openqa.selenium.remote.RemoteWebDriver.execute(RemoteWebDriver.java:552)
at org.openqa.selenium.remote.RemoteWebDriver.startSession(RemoteWebDriver.java:213)
at org.openqa.selenium.remote.RemoteWebDriver.<init>(RemoteWebDriver.java:131)
at org.openqa.selenium.firefox.FirefoxDriver.<init>(FirefoxDriver.java:147)
at org.openqa.selenium.firefox.FirefoxDriver.<init>(FirefoxDriver.java:125)
at com.bank.qa.baseTest.TestBase.setUp(TestBase.java:51)
at java.util.concurrent.ThreadPoolExecutor.runWorker(Unknown Source)
at java.util.concurrent.ThreadPoolExecutor$Worker.run(Unknown Source)
at java.lang.Thread.run(Unknown Source)
... Removed 15 stack frames]]>
    </failure>
  </testcase> <!-- @BeforeClass setUp -->
  <testcase name="@BeforeMethod setUp1" time="0.0" classname="com.bank.qa.pageTest.HomePageTest">
    <skipped/>
  </testcase> <!-- @BeforeMethod setUp1 -->
  <testcase name="@AfterMethod tearDown" time="0.0" classname="com.bank.qa.pageTest.HomePageTest">
    <skipped/>
  </testcase> <!-- @AfterMethod tearDown -->
  <testcase name="@AfterClass setDown" time="0.0" classname="com.bank.qa.baseTest.TestBase">
    <skipped/>
  </testcase> <!-- @AfterClass setDown -->
  <testcase name="@BeforeClass setUp" time="80.839" classname="com.bank.qa.baseTest.TestBase">
    <failure type="org.openqa.selenium.NoSuchSessionException" message="
Build info: version: &amp;apos;3.141.59&amp;apos;, revision: &amp;apos;e82be7d358&amp;apos;, time: &amp;apos;2018-11-14T08:17:03&amp;apos;
System info: host: &amp;apos;PC-PC&amp;apos;, ip: &amp;apos;192.168.2.14&amp;apos;, os.name: &amp;apos;Windows 7&amp;apos;, os.arch: &amp;apos;x86&amp;apos;, os.version: &amp;apos;6.1&amp;apos;, java.version: &amp;apos;1.8.0_181&amp;apos;
Driver info: driver.version: FirefoxDriver
remote stacktrace: WebDriverError@chrome://marionette/content/error.js:227:5
InvalidSessionIDError@chrome://marionette/content/error.js:382:5
assert.that/&amp;lt;@chrome://marionette/content/assert.js:383:13
assert.session@chrome://marionette/content/assert.js:49:3
execute/req&amp;lt;@chrome://marionette/content/server.js:536:9
TaskImpl_run@resource://gre/modules/Task.jsm:331:42
TaskImpl@resource://gre/modules/Task.jsm:280:3
asyncFunction@resource://gre/modules/Task.jsm:252:14
Task_spawn@resource://gre/modules/Task.jsm:166:12
execute@chrome://marionette/content/server.js:529:15
onPacket@chrome://marionette/content/server.js:500:7
_onJSONObjectReady/&amp;lt;@chrome://marionette/content/transport.js:501:9
">
      <![CDATA[org.openqa.selenium.NoSuchSessionException: 
Build info: version: '3.141.59', revision: 'e82be7d358', time: '2018-11-14T08:17:03'
System info: host: 'PC-PC', ip: '192.168.2.14', os.name: 'Windows 7', os.arch: 'x86', os.version: '6.1', java.version: '1.8.0_181'
Driver info: driver.version: FirefoxDriver
remote stacktrace: WebDriverError@chrome://marionette/content/error.js:227:5
InvalidSessionIDError@chrome://marionette/content/error.js:382:5
assert.that/<@chrome://marionette/content/assert.js:383:13
assert.session@chrome://marionette/content/assert.js:49:3
execute/req<@chrome://marionette/content/server.js:536:9
TaskImpl_run@resource://gre/modules/Task.jsm:331:42
TaskImpl@resource://gre/modules/Task.jsm:280:3
asyncFunction@resource://gre/modules/Task.jsm:252:14
Task_spawn@resource://gre/modules/Task.jsm:166:12
execute@chrome://marionette/content/server.js:529:15
onPacket@chrome://marionette/content/server.js:500:7
_onJSONObjectReady/<@chrome://marionette/content/transport.js:501:9

at org.openqa.selenium.remote.W3CHandshakeResponse.lambda$errorHandler$0(W3CHandshakeResponse.java:62)
at org.openqa.selenium.remote.HandshakeResponse.lambda$getResponseFunction$0(HandshakeResponse.java:30)
at org.openqa.selenium.remote.ProtocolHandshake.lambda$createSession$0(ProtocolHandshake.java:126)
at java.util.stream.ReferencePipeline$3$1.accept(Unknown Source)
at java.util.Spliterators$ArraySpliterator.tryAdvance(Unknown Source)
at java.util.stream.ReferencePipeline.forEachWithCancel(Unknown Source)
at java.util.stream.AbstractPipeline.copyIntoWithCancel(Unknown Source)
at java.util.stream.AbstractPipeline.copyInto(Unknown Source)
at java.util.stream.AbstractPipeline.wrapAndCopyInto(Unknown Source)
at java.util.stream.FindOps$FindOp.evaluateSequential(Unknown Source)
at java.util.stream.AbstractPipeline.evaluate(Unknown Source)
at java.util.stream.ReferencePipeline.findFirst(Unknown Source)
at org.openqa.selenium.remote.ProtocolHandshake.createSession(ProtocolHandshake.java:128)
at org.openqa.selenium.remote.ProtocolHandshake.createSession(ProtocolHandshake.java:74)
at org.openqa.selenium.remote.HttpCommandExecutor.execute(HttpCommandExecutor.java:136)
at org.openqa.selenium.remote.service.DriverCommandExecutor.execute(DriverCommandExecutor.java:83)
at org.openqa.selenium.remote.RemoteWebDriver.execute(RemoteWebDriver.java:552)
at org.openqa.selenium.remote.RemoteWebDriver.startSession(RemoteWebDriver.java:213)
at org.openqa.selenium.remote.RemoteWebDriver.<init>(RemoteWebDriver.java:131)
at org.openqa.selenium.firefox.FirefoxDriver.<init>(FirefoxDriver.java:147)
at org.openqa.selenium.firefox.FirefoxDriver.<init>(FirefoxDriver.java:125)
at com.bank.qa.baseTest.TestBase.setUp(TestBase.java:51)
at java.util.concurrent.ThreadPoolExecutor.runWorker(Unknown Source)
at java.util.concurrent.ThreadPoolExecutor$Worker.run(Unknown Source)
at java.lang.Thread.run(Unknown Source)
... Removed 15 stack frames]]>
    </failure>
  </testcase> <!-- @BeforeClass setUp -->
  <testcase name="@AfterClass setDown" time="0.0" classname="com.bank.qa.baseTest.TestBase">
    <skipped/>
  </testcase> <!-- @AfterClass setDown -->
  <testcase name="verfiyMangerAccount" time="0.0" classname="com.bank.qa.pageTest.HomePageTest">
    <skipped/>
  </testcase> <!-- verfiyMangerAccount -->
  <testcase name="getPageTittle" time="0.0" classname="com.bank.qa.pageTest.LoginPageTest">
    <skipped/>
  </testcase> <!-- getPageTittle -->
  <testcase name="loginIntoApplication" time="0.0" classname="com.bank.qa.pageTest.LoginPageTest">
    <skipped/>
  </testcase> <!-- loginIntoApplication -->
  <testcase name="@BeforeTest loadlog4j" time="0.0" classname="com.bank.qa.baseTest.TestBase">
    <ignored/>
  </testcase> <!-- @BeforeTest loadlog4j -->
  <testcase name="@BeforeTest loadlog4j" time="0.0" classname="com.bank.qa.baseTest.TestBase">
    <ignored/>
  </testcase> <!-- @BeforeTest loadlog4j -->
</testsuite> <!-- firefoxtest -->
